10/4/2021 10:41:46 PM	This log contains information about the import schema operation into project 'Buildings.Db' on computer 'EN510524' by user 'milorad.ranitovic'.
10/4/2021 10:41:46 PM	Import of database schema has started.
10/4/2021 10:41:51 PM	Gathering database credentials
10/4/2021 10:41:51 PM	Gathering database options
10/4/2021 10:41:51 PM	Gathering generic database scoped configuration option
10/4/2021 10:41:51 PM	Gathering users
10/4/2021 10:41:51 PM	Gathering roles
10/4/2021 10:41:51 PM	Gathering application roles
10/4/2021 10:41:51 PM	Gathering role memberships
10/4/2021 10:41:51 PM	Gathering filegroups
10/4/2021 10:41:51 PM	Gathering full-text catalogs
10/4/2021 10:41:51 PM	Gathering assemblies
10/4/2021 10:41:51 PM	Gathering certificates
10/4/2021 10:41:51 PM	Gathering asymmetric keys
10/4/2021 10:41:51 PM	Gathering symmetric keys
10/4/2021 10:41:51 PM	Gathering encrypted symmetric keys
10/4/2021 10:41:51 PM	Gathering schemas
10/4/2021 10:41:51 PM	Gathering XML schema collections
10/4/2021 10:41:51 PM	Gathering user-defined data types
10/4/2021 10:41:51 PM	Gathering user-defined types
10/4/2021 10:41:51 PM	Gathering table types
10/4/2021 10:41:51 PM	Gathering unique keys for table types
10/4/2021 10:41:51 PM	Gathering primary keys for table types
10/4/2021 10:41:51 PM	Gathering indexes for table types
10/4/2021 10:41:51 PM	Gathering check constraints for table types
10/4/2021 10:41:51 PM	Gathering default constraints for table types
10/4/2021 10:41:51 PM	Gathering partition functions
10/4/2021 10:41:51 PM	Gathering partition schemes
10/4/2021 10:41:51 PM	Gathering functions
10/4/2021 10:41:51 PM	Gathering encrypted functions
10/4/2021 10:41:51 PM	Gathering aggregates
10/4/2021 10:41:51 PM	Gathering procedures
10/4/2021 10:41:51 PM	Gathering encrypted procedures
10/4/2021 10:41:51 PM	Gathering tables
10/4/2021 10:41:51 PM	Gathering primary keys
10/4/2021 10:41:51 PM	Gathering unique constraints
10/4/2021 10:41:51 PM	Gathering foreign keys
10/4/2021 10:41:51 PM	Gathering default constraints
10/4/2021 10:41:51 PM	Gathering check constraints
10/4/2021 10:41:51 PM	Gathering views
10/4/2021 10:41:51 PM	Gathering encrypted views
10/4/2021 10:41:51 PM	Gathering indexes
10/4/2021 10:41:51 PM	Gathering statistics
10/4/2021 10:41:51 PM	Gathering full-text index stoplists
10/4/2021 10:41:51 PM	Gathering search property lists
10/4/2021 10:41:51 PM	Gathering search properties
10/4/2021 10:41:51 PM	Gathering full-text indexes
10/4/2021 10:41:51 PM	Gathering column store indexes
10/4/2021 10:41:51 PM	Gathering spatial indexes
10/4/2021 10:41:51 PM	Gathering XML indexes
10/4/2021 10:41:51 PM	Gathering Selective XML indexes
10/4/2021 10:41:51 PM	Gathering encrypted triggers
10/4/2021 10:41:51 PM	Gathering triggers
10/4/2021 10:41:51 PM	Gathering encrypted and clr ddl triggers
10/4/2021 10:41:51 PM	Gathering ddl triggers
10/4/2021 10:41:51 PM	Gathering synonyms
10/4/2021 10:41:51 PM	Gathering defaults
10/4/2021 10:41:51 PM	Gathering data constraint uddt bindings
10/4/2021 10:41:51 PM	Gathering rules
10/4/2021 10:41:51 PM	Gathering data constraint uddt bindings
10/4/2021 10:41:51 PM	Gathering message types
10/4/2021 10:41:51 PM	Gathering queues
10/4/2021 10:41:51 PM	Gathering contracts
10/4/2021 10:41:51 PM	Gathering services
10/4/2021 10:41:51 PM	Gathering event notifications
10/4/2021 10:41:51 PM	Gathering remote service bindings
10/4/2021 10:41:51 PM	Gathering broker priorities
10/4/2021 10:41:51 PM	Gathering signatures
10/4/2021 10:41:51 PM	Gathering data compression options
10/4/2021 10:41:51 PM	Gathering sequence types
10/4/2021 10:41:51 PM	Gathering security policies
10/4/2021 10:41:51 PM	Gather column encryption keys
10/4/2021 10:41:51 PM	Gathering column master keys
10/4/2021 10:41:51 PM	Gathering external data sources
10/4/2021 10:41:51 PM	Gathering external file formats
10/4/2021 10:41:51 PM	Gathering external tables
10/4/2021 10:41:51 PM	Gathering extended properties
10/4/2021 10:41:51 PM	Gathering credentials
10/4/2021 10:41:51 PM	Gathering logins
10/4/2021 10:41:51 PM	Gathering server audits
10/4/2021 10:41:51 PM	Scanning project for duplicate elements
10/4/2021 10:41:51 PM	Finished duplicate element processing
10/4/2021 10:41:52 PM	Finished importing database.
10/4/2021 10:41:52 PM	A summary of the import was saved to the following location: C:\VSProjects\Buildings\Buildings.Db\Import Schema Logs\Buildings.Db_20211004084146.log
10/4/2021 10:41:52 PM	Click Finish to continue...
